# JRE version: OpenJDK Runtime Environment (7.0_55-b14) (build 1.7.0_55-b14)
# Java VM: OpenJDK 64-Bit Server VM (24.51-b03 mixed mode linux-amd64 compressed oops)
Heap
 PSYoungGen      total 1267200K, used 1062002K [0x00000007aaa80000, 0x0000000800000000, 0x0000000800000000)
  eden space 1209856K, 85% used [0x00000007aaa80000,0x00000007e98d3198,0x00000007f4800000)
  from space 57344K, 54% used [0x00000007f8380000,0x00000007fa249950,0x00000007fbb80000)
  to   space 60928K, 0% used [0x00000007f4800000,0x00000007f4800000,0x00000007f8380000)
 ParOldGen       total 1398272K, used 313641K [0x0000000700000000, 0x0000000755580000, 0x00000007aaa80000)
  object space 1398272K, 22% used [0x0000000700000000,0x000000071324a610,0x0000000755580000)
 PSPermGen       total 110080K, used 110024K [0x0000000600000000, 0x0000000606b80000, 0x0000000700000000)
  object space 110080K, 99% used [0x0000000600000000,0x0000000606b72090,0x0000000606b80000)
GC Heap History (10 events):
Event: 1033535.626 GC heap before
{Heap before GC invocations=35241 (full 17133):
 PSYoungGen      total 1213952K, used 8424K [0x00000007aaa80000, 0x00000007fc880000, 0x0000000800000000)
  eden space 1213440K, 0% used [0x00000007aaa80000,0x00000007ab2ba000,0x00000007f4b80000)
  from space 512K, 0% used [0x00000007f4b80000,0x00000007f4b80000,0x00000007f4c00000)
  to   space 64000K, 0% used [0x00000007f8a00000,0x00000007f8a00000,0x00000007fc880000)
 ParOldGen       total 1398272K, used 313642K [0x0000000700000000, 0x0000000755580000, 0x00000007aaa80000)
  object space 1398272K, 22% used [0x0000000700000000,0x000000071324aa78,0x0000000755580000)
 PSPermGen       total 110080K, used 109732K [0x0000000600000000, 0x0000000606b80000, 0x0000000700000000)
  object space 110080K, 99% used [0x0000000600000000,0x0000000606b29398,0x0000000606b80000)
Event: 1033535.636 GC heap after
Heap after GC invocations=35241 (full 17133):
 PSYoungGen      total 1271296K, used 64K [0x00000007aaa80000, 0x00000007fc280000, 0x0000000800000000)
  eden space 1213440K, 0% used [0x00000007aaa80000,0x00000007aaa80000,0x00000007f4b80000)
  from space 57856K, 0% used [0x00000007f8a00000,0x00000007f8a10000,0x00000007fc280000)
  to   space 60928K, 0% used [0x00000007f4b80000,0x00000007f4b80000,0x00000007f8700000)
 ParOldGen       total 1398272K, used 313642K [0x0000000700000000, 0x0000000755580000, 0x00000007aaa80000)
  object space 1398272K, 22% used [0x0000000700000000,0x000000071324aa78,0x0000000755580000)
 PSPermGen       total 110080K, used 109732K [0x0000000600000000, 0x0000000606b80000, 0x0000000700000000)
  object space 110080K, 99% used [0x0000000600000000,0x0000000606b29398,0x0000000606b80000)
}
Event: 1033535.636 GC heap before
{Heap before GC invocations=35242 (full 17134):
 PSYoungGen      total 1271296K, used 64K [0x00000007aaa80000, 0x00000007fc280000, 0x0000000800000000)
  eden space 1213440K, 0% used [0x00000007aaa80000,0x00000007aaa80000,0x00000007f4b80000)
  from space 57856K, 0% used [0x00000007f8a00000,0x00000007f8a10000,0x00000007fc280000)
  to   space 60928K, 0% used [0x00000007f4b80000,0x00000007f4b80000,0x00000007f8700000)
 ParOldGen       total 1398272K, used 313642K [0x0000000700000000, 0x0000000755580000, 0x00000007aaa80000)
  object space 1398272K, 22% used [0x0000000700000000,0x000000071324aa78,0x0000000755580000)
 PSPermGen       total 110080K, used 109732K [0x0000000600000000, 0x0000000606b80000, 0x0000000700000000)
  object space 110080K, 99% used [0x0000000600000000,0x0000000606b29398,0x0000000606b80000)
Event: 1033536.061 GC heap after
Heap after GC invocations=35242 (full 17134):
 PSYoungGen      total 1271296K, used 0K [0x00000007aaa80000, 0x00000007fc280000, 0x0000000800000000)
  eden space 1213440K, 0% used [0x00000007aaa80000,0x00000007aaa80000,0x00000007f4b80000)
  from space 57856K, 0% used [0x00000007f8a00000,0x00000007f8a00000,0x00000007fc280000)
  to   space 60928K, 0% used [0x00000007f4b80000,0x00000007f4b80000,0x00000007f8700000)
 ParOldGen       total 1398272K, used 313641K [0x0000000700000000, 0x0000000755580000, 0x00000007aaa80000)
  object space 1398272K, 22% used [0x0000000700000000,0x000000071324a610,0x0000000755580000)
 PSPermGen       total 110080K, used 109732K [0x0000000600000000, 0x0000000606b80000, 0x0000000700000000)
  object space 110080K, 99% used [0x0000000600000000,0x0000000606b29398,0x0000000606b80000)
}
Event: 1033595.627 GC heap before
{Heap before GC invocations=35243 (full 17134):
 PSYoungGen      total 1271296K, used 11373K [0x00000007aaa80000, 0x00000007fc280000, 0x0000000800000000)
  eden space 1213440K, 0% used [0x00000007aaa80000,0x00000007ab59b6b8,0x00000007f4b80000)
  from space 57856K, 0% used [0x00000007f8a00000,0x00000007f8a00000,0x00000007fc280000)
  to   space 60928K, 0% used [0x00000007f4b80000,0x00000007f4b80000,0x00000007f8700000)
 ParOldGen       total 1398272K, used 313641K [0x0000000700000000, 0x0000000755580000, 0x00000007aaa80000)
  object space 1398272K, 22% used [0x0000000700000000,0x000000071324a610,0x0000000755580000)
 PSPermGen       total 110080K, used 109732K [0x0000000600000000, 0x0000000606b80000, 0x0000000700000000)
  object space 110080K, 99% used [0x0000000600000000,0x0000000606b29398,0x0000000606b80000)
Event: 1033595.637 GC heap after
Heap after GC invocations=35243 (full 17134):
 PSYoungGen      total 1213952K, used 64K [0x00000007aaa80000, 0x00000007fbb80000, 0x0000000800000000)
  eden space 1213440K, 0% used [0x00000007aaa80000,0x00000007aaa80000,0x00000007f4b80000)
  from space 512K, 12% used [0x00000007f4b80000,0x00000007f4b90000,0x00000007f4c00000)
  to   space 57344K, 0% used [0x00000007f8380000,0x00000007f8380000,0x00000007fbb80000)
 ParOldGen       total 1398272K, used 313641K [0x0000000700000000, 0x0000000755580000, 0x00000007aaa80000)
  object space 1398272K, 22% used [0x0000000700000000,0x000000071324a610,0x0000000755580000)
 PSPermGen       total 110080K, used 109732K [0x0000000600000000, 0x0000000606b80000, 0x0000000700000000)
  object space 110080K, 99% used [0x0000000600000000,0x0000000606b29398,0x0000000606b80000)
}
Event: 1033595.637 GC heap before
{Heap before GC invocations=35244 (full 17135):
 PSYoungGen      total 1213952K, used 64K [0x00000007aaa80000, 0x00000007fbb80000, 0x0000000800000000)
  eden space 1213440K, 0% used [0x00000007aaa80000,0x00000007aaa80000,0x00000007f4b80000)
  from space 512K, 12% used [0x00000007f4b80000,0x00000007f4b90000,0x00000007f4c00000)
  to   space 57344K, 0% used [0x00000007f8380000,0x00000007f8380000,0x00000007fbb80000)
 ParOldGen       total 1398272K, used 313641K [0x0000000700000000, 0x0000000755580000, 0x00000007aaa80000)
  object space 1398272K, 22% used [0x0000000700000000,0x000000071324a610,0x0000000755580000)
 PSPermGen       total 110080K, used 109732K [0x0000000600000000, 0x0000000606b80000, 0x0000000700000000)
  object space 110080K, 99% used [0x0000000600000000,0x0000000606b29398,0x0000000606b80000)
Event: 1033595.969 GC heap after
Heap after GC invocations=35244 (full 17135):
 PSYoungGen      total 1213952K, used 0K [0x00000007aaa80000, 0x00000007fbb80000, 0x0000000800000000)
  eden space 1213440K, 0% used [0x00000007aaa80000,0x00000007aaa80000,0x00000007f4b80000)
  from space 512K, 0% used [0x00000007f4b80000,0x00000007f4b80000,0x00000007f4c00000)
  to   space 57344K, 0% used [0x00000007f8380000,0x00000007f8380000,0x00000007fbb80000)
 ParOldGen       total 1398272K, used 313641K [0x0000000700000000, 0x0000000755580000, 0x00000007aaa80000)
  object space 1398272K, 22% used [0x0000000700000000,0x000000071324a610,0x0000000755580000)
 PSPermGen       total 110080K, used 109732K [0x0000000600000000, 0x0000000606b80000, 0x0000000700000000)
  object space 110080K, 99% used [0x0000000600000000,0x0000000606b29398,0x0000000606b80000)
}
Event: 1033665.841 GC heap before
{Heap before GC invocations=35245 (full 17135):
 PSYoungGen      total 1213952K, used 1213440K [0x00000007aaa80000, 0x00000007fbb80000, 0x0000000800000000)
  eden space 1213440K, 100% used [0x00000007aaa80000,0x00000007f4b80000,0x00000007f4b80000)
  from space 512K, 0% used [0x00000007f4b80000,0x00000007f4b80000,0x00000007f4c00000)
  to   space 57344K, 0% used [0x00000007f8380000,0x00000007f8380000,0x00000007fbb80000)
 ParOldGen       total 1398272K, used 313641K [0x0000000700000000, 0x0000000755580000, 0x00000007aaa80000)
  object space 1398272K, 22% used [0x0000000700000000,0x000000071324a610,0x0000000755580000)
 PSPermGen       total 110080K, used 109937K [0x0000000600000000, 0x0000000606b80000, 0x0000000700000000)
  object space 110080K, 99% used [0x0000000600000000,0x0000000606b5c730,0x0000000606b80000)
Event: 1033665.866 GC heap after
Heap after GC invocations=35245 (full 17135):
 PSYoungGen      total 1267200K, used 31526K [0x00000007aaa80000, 0x0000000800000000, 0x0000000800000000)
  eden space 1209856K, 0% used [0x00000007aaa80000,0x00000007aaa80000,0x00000007f4800000)
  from space 57344K, 54% used [0x00000007f8380000,0x00000007fa249950,0x00000007fbb80000)
  to   space 60928K, 0% used [0x00000007f4800000,0x00000007f4800000,0x00000007f8380000)
 ParOldGen       total 1398272K, used 313641K [0x0000000700000000, 0x0000000755580000, 0x00000007aaa80000)
  object space 1398272K, 22% used [0x0000000700000000,0x000000071324a610,0x0000000755580000)
 PSPermGen       total 110080K, used 109937K [0x0000000600000000, 0x0000000606b80000, 0x0000000700000000)
  object space 110080K, 99% used [0x0000000600000000,0x0000000606b5c730,0x0000000606b80000)
}

